'/home/stephen/stephenskywatcher/captures/total_solar_eclipse/lights/IMG_7086.CR3'
±AEB 0       ISO100     ƒ/8.0     1/1250 
'/home/stephen/stephenskywatcher/captures/total_solar_eclipse/lights/IMG_7087.CR3'
±AEB 0       ISO100     ƒ/8.0     1/1250 
'/home/stephen/stephenskywatcher/captures/total_solar_eclipse/lights/IMG_7088.CR3'
±AEB 0       ISO100     ƒ/8.0     1/1250 
'/home/stephen/stephenskywatcher/captures/total_solar_eclipse/lights/IMG_7089.CR3'
±AEB 0       ISO100     ƒ/8.0     1/1250 
'/home/stephen/stephenskywatcher/captures/total_solar_eclipse/lights/IMG_7090.CR3'
±AEB 0       ISO100     ƒ/8.0     1/1250 
'/home/stephen/stephenskywatcher/captures/total_solar_eclipse/lights/IMG_7091.CR3'
±AEB 0       ISO100     ƒ/8.0     1/1250 
'/home/stephen/stephenskywatcher/captures/total_solar_eclipse/lights/IMG_7092.CR3'
±AEB 0       ISO100     ƒ/8.0     1/1250 
'/home/stephen/stephenskywatcher/captures/total_solar_eclipse/lights/IMG_7093.CR3'
±AEB 0       ISO100     ƒ/8.0     1/1250 
'/home/stephen/stephenskywatcher/captures/total_solar_eclipse/lights/IMG_7094.CR3'
±AEB 0       ISO100     ƒ/8.0     1/1250 
'/home/stephen/stephenskywatcher/captures/total_solar_eclipse/lights/IMG_7095.CR3'
±AEB 0       ISO100     ƒ/8.0     1/1250 
'/home/stephen/stephenskywatcher/captures/total_solar_eclipse/lights/IMG_7096.CR3'
±AEB 0       ISO100     ƒ/8.0     1/1250 
'/home/stephen/stephenskywatcher/captures/total_solar_eclipse/lights/IMG_7097.CR3'
±AEB 0       ISO100     ƒ/8.0     1/1250 
'/home/stephen/stephenskywatcher/captures/total_solar_eclipse/lights/IMG_7098.CR3'
±AEB 0       ISO100     ƒ/8.0     1/1250 
'/home/stephen/stephenskywatcher/captures/total_solar_eclipse/lights/IMG_7099.CR3'
±AEB 0       ISO100     ƒ/8.0     1/1250 
'/home/stephen/stephenskywatcher/captures/total_solar_eclipse/lights/IMG_7100.CR3'
±AEB 0       ISO100     ƒ/8.0     1/1250 
'/home/stephen/stephenskywatcher/captures/total_solar_eclipse/lights/IMG_7101.CR3'
±AEB 0       ISO100     ƒ/8.0     1/1250 
'/home/stephen/stephenskywatcher/captures/total_solar_eclipse/lights/IMG_7102.CR3'
±AEB 0       ISO100     ƒ/8.0     1/1250 
'/home/stephen/stephenskywatcher/captures/total_solar_eclipse/lights/IMG_7103.CR3'
±AEB 0       ISO100     ƒ/8.0     1/1250 
'/home/stephen/stephenskywatcher/captures/total_solar_eclipse/lights/IMG_7104.CR3'
±AEB 0       ISO100     ƒ/8.0     1/1250 
'/home/stephen/stephenskywatcher/captures/total_solar_eclipse/lights/IMG_7105.CR3'
±AEB 0       ISO100     ƒ/8.0     1/1250 
'/home/stephen/stephenskywatcher/captures/total_solar_eclipse/lights/IMG_7106.CR3'
±AEB 0       ISO100     ƒ/8.0     1/1250 
'/home/stephen/stephenskywatcher/captures/total_solar_eclipse/lights/IMG_7107.CR3'
±AEB 0       ISO100     ƒ/8.0     1/1250 
'/home/stephen/stephenskywatcher/captures/total_solar_eclipse/lights/IMG_7108.CR3'
±AEB 0       ISO100     ƒ/8.0     1/1250 
'/home/stephen/stephenskywatcher/captures/total_solar_eclipse/lights/IMG_7109.CR3'
±AEB 0       ISO100     ƒ/8.0     1/1250 
'/home/stephen/stephenskywatcher/captures/total_solar_eclipse/lights/IMG_7110.CR3'
±AEB 0       ISO100     ƒ/8.0     1/1250 
'/home/stephen/stephenskywatcher/captures/total_solar_eclipse/lights/IMG_7111.CR3'
±AEB 0       ISO100     ƒ/8.0     1/1250 
'/home/stephen/stephenskywatcher/captures/total_solar_eclipse/lights/IMG_7112.CR3'
±AEB 0       ISO100     ƒ/8.0     1/1600 
'/home/stephen/stephenskywatcher/captures/total_solar_eclipse/lights/IMG_7113.CR3'
±AEB 0       ISO100     ƒ/8.0     1/1600 
'/home/stephen/stephenskywatcher/captures/total_solar_eclipse/lights/IMG_7114.CR3'
±AEB 0       ISO100     ƒ/8.0     1/1600 
'/home/stephen/stephenskywatcher/captures/total_solar_eclipse/lights/IMG_7115.CR3'
±AEB 0       ISO100     ƒ/8.0     1/1600 
'/home/stephen/stephenskywatcher/captures/total_solar_eclipse/lights/IMG_7116.CR3'
±AEB 0       ISO100     ƒ/8.0     1/1600 
'/home/stephen/stephenskywatcher/captures/total_solar_eclipse/lights/IMG_7117.CR3'
±AEB 0       ISO100     ƒ/8.0     1/1600 
'/home/stephen/stephenskywatcher/captures/total_solar_eclipse/lights/IMG_7118.CR3'
±AEB 0       ISO100     ƒ/8.0     1/1600 
'/home/stephen/stephenskywatcher/captures/total_solar_eclipse/lights/IMG_7119.CR3'
±AEB 0       ISO100     ƒ/8.0     1/1600 
'/home/stephen/stephenskywatcher/captures/total_solar_eclipse/lights/IMG_7120.CR3'
±AEB 0       ISO100     ƒ/8.0     1/1600 
'/home/stephen/stephenskywatcher/captures/total_solar_eclipse/lights/IMG_7121.CR3'
±AEB 0       ISO100     ƒ/8.0     1/1600 
'/home/stephen/stephenskywatcher/captures/total_solar_eclipse/lights/IMG_7122.CR3'
±AEB 0       ISO100     ƒ/8.0     1/1600 
'/home/stephen/stephenskywatcher/captures/total_solar_eclipse/lights/IMG_7123.CR3'
±AEB 0       ISO100     ƒ/8.0     1/1600 
'/home/stephen/stephenskywatcher/captures/total_solar_eclipse/lights/IMG_7124.CR3'
±AEB 0       ISO100     ƒ/8.0     1/1600 
'/home/stephen/stephenskywatcher/captures/total_solar_eclipse/lights/IMG_7125.CR3'
±AEB 0       ISO100     ƒ/8.0     1/1600 
'/home/stephen/stephenskywatcher/captures/total_solar_eclipse/lights/IMG_7126.CR3'
±AEB 0       ISO100     ƒ/8.0     1/1600 
'/home/stephen/stephenskywatcher/captures/total_solar_eclipse/lights/IMG_7127.CR3'
±AEB 0       ISO100     ƒ/8.0     1/1600 
'/home/stephen/stephenskywatcher/captures/total_solar_eclipse/lights/IMG_7128.CR3'
±AEB 0       ISO100     ƒ/8.0     1/1600 
'/home/stephen/stephenskywatcher/captures/total_solar_eclipse/lights/IMG_7129.CR3'
±AEB 0       ISO100     ƒ/8.0     1/1600 
'/home/stephen/stephenskywatcher/captures/total_solar_eclipse/lights/IMG_7130.CR3'
±AEB 0       ISO100     ƒ/8.0     1/1600 
'/home/stephen/stephenskywatcher/captures/total_solar_eclipse/lights/IMG_7131.CR3'
±AEB 0       ISO100     ƒ/8.0     1/1600 
'/home/stephen/stephenskywatcher/captures/total_solar_eclipse/lights/IMG_7132.CR3'
±AEB 0       ISO100     ƒ/8.0     1/1600 
'/home/stephen/stephenskywatcher/captures/total_solar_eclipse/lights/IMG_7133.CR3'
±AEB 0       ISO100     ƒ/8.0     1/1600 
'/home/stephen/stephenskywatcher/captures/total_solar_eclipse/lights/IMG_7134.CR3'
±AEB 0       ISO100     ƒ/8.0     1/1600 
'/home/stephen/stephenskywatcher/captures/total_solar_eclipse/lights/IMG_7135.CR3'
±AEB 0       ISO100     ƒ/8.0     1/1600 
'/home/stephen/stephenskywatcher/captures/total_solar_eclipse/lights/IMG_7136.CR3'
±AEB 0       ISO100     ƒ/8.0     1/1600 
'/home/stephen/stephenskywatcher/captures/total_solar_eclipse/lights/IMG_7137.CR3'
±AEB 0       ISO100     ƒ/8.0     1/1600 
'/home/stephen/stephenskywatcher/captures/total_solar_eclipse/lights/IMG_7138.CR3'
±AEB 0       ISO100     ƒ/8.0     1/1600 
'/home/stephen/stephenskywatcher/captures/total_solar_eclipse/lights/IMG_7139.CR3'
±AEB 0       ISO100     ƒ/8.0     1/1600 
'/home/stephen/stephenskywatcher/captures/total_solar_eclipse/lights/IMG_7140.CR3'
±AEB 0       ISO100     ƒ/8.0     1/1600 
'/home/stephen/stephenskywatcher/captures/total_solar_eclipse/lights/IMG_7141.CR3'
±AEB 0       ISO100     ƒ/8.0     1/1600 
'/home/stephen/stephenskywatcher/captures/total_solar_eclipse/lights/IMG_7142.CR3'
±AEB 0       ISO100     ƒ/8.0     1/1600 
'/home/stephen/stephenskywatcher/captures/total_solar_eclipse/lights/IMG_7143.CR3'
±AEB 0       ISO100     ƒ/8.0     1/1600 
'/home/stephen/stephenskywatcher/captures/total_solar_eclipse/lights/IMG_7144.CR3'
±AEB 0       ISO100     ƒ/8.0     1/1600 
'/home/stephen/stephenskywatcher/captures/total_solar_eclipse/lights/IMG_7145.CR3'
±AEB 0       ISO100     ƒ/8.0     1/1600 
'/home/stephen/stephenskywatcher/captures/total_solar_eclipse/lights/IMG_7146.CR3'
±AEB 0       ISO100     ƒ/8.0     1/1600 
'/home/stephen/stephenskywatcher/captures/total_solar_eclipse/lights/IMG_7147.CR3'
±AEB 0       ISO100     ƒ/8.0     1/1600 
'/home/stephen/stephenskywatcher/captures/total_solar_eclipse/lights/IMG_7148.CR3'
±AEB 0       ISO100     ƒ/8.0     1/1600 
'/home/stephen/stephenskywatcher/captures/total_solar_eclipse/lights/IMG_7149.CR3'
±AEB 0       ISO100     ƒ/8.0     1/1600 
'/home/stephen/stephenskywatcher/captures/total_solar_eclipse/lights/IMG_7150.CR3'
±AEB 0       ISO100     ƒ/8.0     1/1600 
'/home/stephen/stephenskywatcher/captures/total_solar_eclipse/lights/IMG_7151.CR3'
±AEB 0       ISO100     ƒ/8.0     1/1600 
'/home/stephen/stephenskywatcher/captures/total_solar_eclipse/lights/IMG_7152.CR3'
±AEB 0       ISO100     ƒ/8.0     1/1600 
'/home/stephen/stephenskywatcher/captures/total_solar_eclipse/lights/IMG_7153.CR3'
±AEB 0       ISO100     ƒ/8.0     1/1600 
'/home/stephen/stephenskywatcher/captures/total_solar_eclipse/lights/IMG_7154.CR3'
±AEB 0       ISO100     ƒ/8.0     1/1600 
'/home/stephen/stephenskywatcher/captures/total_solar_eclipse/lights/IMG_7155.CR3'
±AEB 0       ISO100     ƒ/8.0     1/1600 
'/home/stephen/stephenskywatcher/captures/total_solar_eclipse/lights/IMG_7156.CR3'
±AEB 0       ISO100     ƒ/8.0     1/1600 
'/home/stephen/stephenskywatcher/captures/total_solar_eclipse/lights/IMG_7157.CR3'
±AEB 0       ISO100     ƒ/8.0     1/1600 
'/home/stephen/stephenskywatcher/captures/total_solar_eclipse/lights/IMG_7158.CR3'
±AEB 0       ISO100     ƒ/8.0     1/1600 
'/home/stephen/stephenskywatcher/captures/total_solar_eclipse/lights/IMG_7159.CR3'
±AEB 0       ISO100     ƒ/8.0     1/1600 
'/home/stephen/stephenskywatcher/captures/total_solar_eclipse/lights/IMG_7160.CR3'
±AEB 0       ISO100     ƒ/8.0     1/1600 
'/home/stephen/stephenskywatcher/captures/total_solar_eclipse/lights/IMG_7161.CR3'
±AEB 0       ISO100     ƒ/8.0     1/1600 
'/home/stephen/stephenskywatcher/captures/total_solar_eclipse/lights/IMG_7162.CR3'
±AEB 0       ISO100     ƒ/8.0     1/1600 
'/home/stephen/stephenskywatcher/captures/total_solar_eclipse/lights/IMG_7163.CR3'
±AEB 0       ISO100     ƒ/8.0     1/1600 
'/home/stephen/stephenskywatcher/captures/total_solar_eclipse/lights/IMG_7164.CR3'
±AEB 0       ISO100     ƒ/8.0     1/1600 
'/home/stephen/stephenskywatcher/captures/total_solar_eclipse/lights/IMG_7165.CR3'
±AEB 0       ISO100     ƒ/8.0     1/1600 
'/home/stephen/stephenskywatcher/captures/total_solar_eclipse/lights/IMG_7166.CR3'
±AEB 0       ISO100     ƒ/8.0     1/1600 
'/home/stephen/stephenskywatcher/captures/total_solar_eclipse/lights/IMG_7167.CR3'
±AEB 0       ISO100     ƒ/8.0     1/1600 
'/home/stephen/stephenskywatcher/captures/total_solar_eclipse/lights/IMG_7168.CR3'
±AEB 0       ISO100     ƒ/8.0     1/1600 
'/home/stephen/stephenskywatcher/captures/total_solar_eclipse/lights/IMG_7169.CR3'
±AEB 0       ISO100     ƒ/8.0     1/1600 
'/home/stephen/stephenskywatcher/captures/total_solar_eclipse/lights/IMG_7170.CR3'
±AEB 0       ISO100     ƒ/8.0     1/1600 
'/home/stephen/stephenskywatcher/captures/total_solar_eclipse/lights/IMG_7171.CR3'
±AEB 0       ISO100     ƒ/8.0     1/1600 
'/home/stephen/stephenskywatcher/captures/total_solar_eclipse/lights/IMG_7172.CR3'
±AEB 0       ISO100     ƒ/8.0     1/1600 
'/home/stephen/stephenskywatcher/captures/total_solar_eclipse/lights/IMG_7173.CR3'
±AEB 0       ISO100     ƒ/8.0     1/1600 
'/home/stephen/stephenskywatcher/captures/total_solar_eclipse/lights/IMG_7174.CR3'
±AEB 0       ISO100     ƒ/8.0     1/1600 
'/home/stephen/stephenskywatcher/captures/total_solar_eclipse/lights/IMG_7175.CR3'
±AEB 0       ISO100     ƒ/8.0     1/1600 
'/home/stephen/stephenskywatcher/captures/total_solar_eclipse/lights/IMG_7176.CR3'
±AEB 0       ISO100     ƒ/8.0     1/1600 
'/home/stephen/stephenskywatcher/captures/total_solar_eclipse/lights/IMG_7177.CR3'
±AEB 0       ISO100     ƒ/8.0     1/1600 
'/home/stephen/stephenskywatcher/captures/total_solar_eclipse/lights/IMG_7178.CR3'
±AEB 0       ISO100     ƒ/8.0     1/1600 
'/home/stephen/stephenskywatcher/captures/total_solar_eclipse/lights/IMG_7179.CR3'
±AEB 0       ISO100     ƒ/8.0     1/1600 
'/home/stephen/stephenskywatcher/captures/total_solar_eclipse/lights/IMG_7180.CR3'
±AEB 0       ISO100     ƒ/8.0     1/1600 
'/home/stephen/stephenskywatcher/captures/total_solar_eclipse/lights/IMG_7181.CR3'
±AEB 0       ISO100     ƒ/8.0     1/1600 
'/home/stephen/stephenskywatcher/captures/total_solar_eclipse/lights/IMG_7182.CR3'
±AEB 0       ISO100     ƒ/8.0     1/1600 
'/home/stephen/stephenskywatcher/captures/total_solar_eclipse/lights/IMG_7183.CR3'
±AEB 0       ISO100     ƒ/8.0     1/1600 
'/home/stephen/stephenskywatcher/captures/total_solar_eclipse/lights/IMG_7184.CR3'
±AEB 0       ISO100     ƒ/8.0     1/1600 
'/home/stephen/stephenskywatcher/captures/total_solar_eclipse/lights/IMG_7185.CR3'
±AEB 0       ISO100     ƒ/8.0     1/1600 
'/home/stephen/stephenskywatcher/captures/total_solar_eclipse/lights/IMG_7186.CR3'
±AEB 0       ISO100     ƒ/8.0     1/1600 
'/home/stephen/stephenskywatcher/captures/total_solar_eclipse/lights/IMG_7187.CR3'
±AEB 0       ISO100     ƒ/8.0     1/1600 
'/home/stephen/stephenskywatcher/captures/total_solar_eclipse/lights/IMG_7188.CR3'
±AEB 0       ISO100     ƒ/8.0     1/1600 
'/home/stephen/stephenskywatcher/captures/total_solar_eclipse/lights/IMG_7189.CR3'
±AEB 0       ISO100     ƒ/8.0     1/1600 
'/home/stephen/stephenskywatcher/captures/total_solar_eclipse/lights/IMG_7190.CR3'
±AEB 0       ISO100     ƒ/8.0     1/1600 
'/home/stephen/stephenskywatcher/captures/total_solar_eclipse/lights/IMG_7191.CR3'
±AEB 0       ISO100     ƒ/8.0     1/1600 
'/home/stephen/stephenskywatcher/captures/total_solar_eclipse/lights/IMG_7192.CR3'
±AEB 0       ISO100     ƒ/8.0     1/1600 
'/home/stephen/stephenskywatcher/captures/total_solar_eclipse/lights/IMG_7193.CR3'
±AEB 0       ISO100     ƒ/8.0     1/1600 
'/home/stephen/stephenskywatcher/captures/total_solar_eclipse/lights/IMG_7194.CR3'
±AEB 0       ISO100     ƒ/8.0     1/1600 
'/home/stephen/stephenskywatcher/captures/total_solar_eclipse/lights/IMG_7195.CR3'
±AEB 0       ISO100     ƒ/8.0     1/1250 
'/home/stephen/stephenskywatcher/captures/total_solar_eclipse/lights/IMG_7196.CR3'
±AEB 0       ISO100     ƒ/8.0     1/1250 
'/home/stephen/stephenskywatcher/captures/total_solar_eclipse/lights/IMG_7197.CR3'
±AEB 0       ISO100     ƒ/8.0     1/1250 
'/home/stephen/stephenskywatcher/captures/total_solar_eclipse/lights/IMG_7198.CR3'
±AEB 0       ISO100     ƒ/8.0     1/1250 
'/home/stephen/stephenskywatcher/captures/total_solar_eclipse/lights/IMG_7199.CR3'
±AEB 0       ISO100     ƒ/8.0     1/1600 
'/home/stephen/stephenskywatcher/captures/total_solar_eclipse/lights/IMG_7200.CR3'
±AEB 0       ISO100     ƒ/8.0     1/1600 
'/home/stephen/stephenskywatcher/captures/total_solar_eclipse/lights/IMG_7201.CR3'
±AEB 0       ISO100     ƒ/8.0     1/1600 
'/home/stephen/stephenskywatcher/captures/total_solar_eclipse/lights/IMG_7202.CR3'
±AEB 0       ISO100     ƒ/8.0     1/1600 
'/home/stephen/stephenskywatcher/captures/total_solar_eclipse/lights/IMG_7203.CR3'
±AEB 0       ISO100     ƒ/8.0     1/2000 
'/home/stephen/stephenskywatcher/captures/total_solar_eclipse/lights/IMG_7204.CR3'
±AEB 0       ISO100     ƒ/8.0     1/2000 
'/home/stephen/stephenskywatcher/captures/total_solar_eclipse/lights/IMG_7205.CR3'
±AEB 0       ISO100     ƒ/8.0     1/2000 
'/home/stephen/stephenskywatcher/captures/total_solar_eclipse/lights/IMG_7206.CR3'
±AEB 0       ISO100     ƒ/8.0     1/2000 
'/home/stephen/stephenskywatcher/captures/total_solar_eclipse/lights/IMG_7207.CR3'
±AEB 0       ISO100     ƒ/8.0     1/2500 
'/home/stephen/stephenskywatcher/captures/total_solar_eclipse/lights/IMG_7208.CR3'
±AEB 0       ISO100     ƒ/8.0     1/2500 
'/home/stephen/stephenskywatcher/captures/total_solar_eclipse/lights/IMG_7209.CR3'
±AEB 0       ISO100     ƒ/8.0     1/2500 
'/home/stephen/stephenskywatcher/captures/total_solar_eclipse/lights/IMG_7210.CR3'
±AEB 0       ISO100     ƒ/8.0     1/2500 
'/home/stephen/stephenskywatcher/captures/total_solar_eclipse/lights/IMG_7211.CR3'
±AEB 0       ISO100     ƒ/8.0     1/3200 
'/home/stephen/stephenskywatcher/captures/total_solar_eclipse/lights/IMG_7212.CR3'
±AEB 0       ISO100     ƒ/8.0     1/3200 
'/home/stephen/stephenskywatcher/captures/total_solar_eclipse/lights/IMG_7213.CR3'
±AEB 0       ISO100     ƒ/8.0     1/3200 
'/home/stephen/stephenskywatcher/captures/total_solar_eclipse/lights/IMG_7214.CR3'
±AEB 0       ISO100     ƒ/8.0     1/3200 
'/home/stephen/stephenskywatcher/captures/total_solar_eclipse/lights/IMG_7215.CR3'
±AEB 0       ISO100     ƒ/8.0     1/4000 
'/home/stephen/stephenskywatcher/captures/total_solar_eclipse/lights/IMG_7216.CR3'
±AEB 0       ISO100     ƒ/8.0     1/4000 
'/home/stephen/stephenskywatcher/captures/total_solar_eclipse/lights/IMG_7217.CR3'
±AEB 0       ISO100     ƒ/8.0     1/4000 
'/home/stephen/stephenskywatcher/captures/total_solar_eclipse/lights/IMG_7218.CR3'
±AEB 0       ISO100     ƒ/8.0     1/4000 
'/home/stephen/stephenskywatcher/captures/total_solar_eclipse/lights/03-27-24_00-22-28-IMG_7291.CR3'
±AEB 0       ISO100     ƒ/8.0     1/3200 
'/home/stephen/stephenskywatcher/captures/total_solar_eclipse/lights/03-27-24_00-22-28-IMG_7292.CR3'
±AEB 0       ISO100     ƒ/8.0     1/3200 
'/home/stephen/stephenskywatcher/captures/total_solar_eclipse/lights/03-27-24_00-22-28-IMG_7293.CR3'
±AEB 0       ISO100     ƒ/8.0     1/3200 
'/home/stephen/stephenskywatcher/captures/total_solar_eclipse/lights/03-27-24_00-22-28-IMG_7294.CR3'
±AEB 0       ISO100     ƒ/8.0     1/3200 
'/home/stephen/stephenskywatcher/captures/total_solar_eclipse/lights/03-27-24_00-22-28-IMG_7295.CR3'
±AEB 0       ISO100     ƒ/8.0     1/3200 
'/home/stephen/stephenskywatcher/captures/total_solar_eclipse/lights/03-27-24_00-22-28-IMG_7296.CR3'
±AEB 0       ISO100     ƒ/8.0     1/3200 
'/home/stephen/stephenskywatcher/captures/total_solar_eclipse/lights/03-27-24_00-22-30-IMG_7297.CR3'
±AEB 0       ISO100     ƒ/8.0     1/3200 
'/home/stephen/stephenskywatcher/captures/total_solar_eclipse/lights/03-27-24_00-22-30-IMG_7298.CR3'
±AEB 0       ISO100     ƒ/8.0     1/3200 
'/home/stephen/stephenskywatcher/captures/total_solar_eclipse/lights/03-27-24_00-22-30-IMG_7299.CR3'
±AEB 0       ISO100     ƒ/8.0     1/3200 
'/home/stephen/stephenskywatcher/captures/total_solar_eclipse/lights/03-27-24_00-22-30-IMG_7300.CR3'
±AEB 0       ISO100     ƒ/8.0     1/3200 
'/home/stephen/stephenskywatcher/captures/total_solar_eclipse/lights/03-27-24_00-22-30-IMG_7301.CR3'
±AEB 0       ISO100     ƒ/8.0     1/3200 
'/home/stephen/stephenskywatcher/captures/total_solar_eclipse/lights/03-27-24_00-22-30-IMG_7302.CR3'
±AEB 0       ISO100     ƒ/8.0     1/3200 
'/home/stephen/stephenskywatcher/captures/total_solar_eclipse/lights/03-27-24_00-22-30-IMG_7303.CR3'
±AEB 0       ISO100     ƒ/8.0     1/3200 
'/home/stephen/stephenskywatcher/captures/total_solar_eclipse/lights/03-27-24_00-22-32-IMG_7304.CR3'
±AEB 0       ISO100     ƒ/8.0     1/3200 
'/home/stephen/stephenskywatcher/captures/total_solar_eclipse/lights/03-27-24_00-22-32-IMG_7305.CR3'
±AEB 0       ISO100     ƒ/8.0     1/3200 
'/home/stephen/stephenskywatcher/captures/total_solar_eclipse/lights/03-27-24_00-22-32-IMG_7306.CR3'
±AEB 0       ISO100     ƒ/8.0     1/3200 
'/home/stephen/stephenskywatcher/captures/total_solar_eclipse/lights/03-27-24_00-22-32-IMG_7307.CR3'
±AEB 0       ISO100     ƒ/8.0     1/3200 
'/home/stephen/stephenskywatcher/captures/total_solar_eclipse/lights/03-27-24_00-22-32-IMG_7308.CR3'
±AEB 0       ISO100     ƒ/8.0     1/3200 
'/home/stephen/stephenskywatcher/captures/total_solar_eclipse/lights/03-27-24_00-22-32-IMG_7309.CR3'
±AEB 0       ISO100     ƒ/8.0     1/3200 
'/home/stephen/stephenskywatcher/captures/total_solar_eclipse/lights/03-27-24_00-22-32-IMG_7310.CR3'
±AEB 0       ISO100     ƒ/8.0     1/3200 
'/home/stephen/stephenskywatcher/captures/total_solar_eclipse/lights/03-27-24_00-22-34-IMG_7311.CR3'
±AEB 0       ISO100     ƒ/8.0     1/3200 
'/home/stephen/stephenskywatcher/captures/total_solar_eclipse/lights/03-27-24_00-22-34-IMG_7312.CR3'
±AEB 0       ISO100     ƒ/8.0     1/3200 
'/home/stephen/stephenskywatcher/captures/total_solar_eclipse/lights/03-27-24_00-22-34-IMG_7313.CR3'
±AEB 0       ISO100     ƒ/8.0     1/3200 
'/home/stephen/stephenskywatcher/captures/total_solar_eclipse/lights/03-27-24_00-22-34-IMG_7314.CR3'
±AEB 0       ISO100     ƒ/8.0     1/3200 
'/home/stephen/stephenskywatcher/captures/total_solar_eclipse/lights/03-27-24_00-22-34-IMG_7315.CR3'
±AEB 0       ISO100     ƒ/8.0     1/3200 
'/home/stephen/stephenskywatcher/captures/total_solar_eclipse/lights/03-27-24_00-22-34-IMG_7316.CR3'
±AEB 0       ISO100     ƒ/8.0     1/3200 
'/home/stephen/stephenskywatcher/captures/total_solar_eclipse/lights/03-27-24_00-23-18-IMG_7317.CR3'
±AEB 0       ISO100     ƒ/8.0     1/3200 
'/home/stephen/stephenskywatcher/captures/total_solar_eclipse/lights/03-27-24_00-23-18-IMG_7318.CR3'
±AEB 0       ISO100     ƒ/8.0     1/3200 
'/home/stephen/stephenskywatcher/captures/total_solar_eclipse/lights/03-27-24_00-23-18-IMG_7319.CR3'
±AEB 0       ISO100     ƒ/8.0     1/3200 
'/home/stephen/stephenskywatcher/captures/total_solar_eclipse/lights/03-27-24_00-23-18-IMG_7320.CR3'
±AEB 0       ISO100     ƒ/8.0     1/3200 
'/home/stephen/stephenskywatcher/captures/total_solar_eclipse/lights/03-27-24_00-23-18-IMG_7321.CR3'
±AEB 0       ISO100     ƒ/8.0     1/3200 
'/home/stephen/stephenskywatcher/captures/total_solar_eclipse/lights/03-27-24_00-23-18-IMG_7322.CR3'
±AEB 0       ISO100     ƒ/8.0     1/3200 
'/home/stephen/stephenskywatcher/captures/total_solar_eclipse/lights/03-27-24_00-23-18-IMG_7323.CR3'
±AEB 0       ISO100     ƒ/8.0     1/3200 
'/home/stephen/stephenskywatcher/captures/total_solar_eclipse/lights/03-27-24_00-23-20-IMG_7324.CR3'
±AEB 0       ISO100     ƒ/8.0     1/3200 
'/home/stephen/stephenskywatcher/captures/total_solar_eclipse/lights/03-27-24_00-29-10-IMG_7325.CR3'
±AEB 0       ISO100     ƒ/8.0     1/3200 
'/home/stephen/stephenskywatcher/captures/total_solar_eclipse/lights/03-27-24_00-29-12-IMG_7326.CR3'
±AEB -1      ISO100     ƒ/8.0     1/4000 
'/home/stephen/stephenskywatcher/captures/total_solar_eclipse/lights/03-27-24_00-29-12-IMG_7327.CR3'
±AEB +1      ISO100     ƒ/8.0     1/1600 
'/home/stephen/stephenskywatcher/captures/total_solar_eclipse/lights/03-27-24_00-30-34-IMG_7328.CR3'
±AEB 0       ISO100     ƒ/8.0     1/3200 
'/home/stephen/stephenskywatcher/captures/total_solar_eclipse/lights/03-27-24_00-30-34-IMG_7329.CR3'
±AEB -1      ISO100     ƒ/8.0     1/4000 
'/home/stephen/stephenskywatcher/captures/total_solar_eclipse/lights/03-27-24_00-30-34-IMG_7330.CR3'
±AEB +1      ISO100     ƒ/8.0     1/1600 
'/home/stephen/stephenskywatcher/captures/total_solar_eclipse/lights/03-27-24_00-36-16-IMG_7331.CR3'
±AEB 0       ISO100     ƒ/8.0     1/3200 
'/home/stephen/stephenskywatcher/captures/total_solar_eclipse/lights/03-27-24_00-36-16-IMG_7332.CR3'
±AEB -1      ISO100     ƒ/8.0     1/4000 
'/home/stephen/stephenskywatcher/captures/total_solar_eclipse/lights/03-27-24_00-36-16-IMG_7333.CR3'
±AEB +1      ISO100     ƒ/8.0     1/1600 
'/home/stephen/stephenskywatcher/captures/total_solar_eclipse/lights/03-27-24_00-43-02-IMG_7337.CR3'
±AEB 0       ISO100     ƒ/8.0     1/3200 
'/home/stephen/stephenskywatcher/captures/total_solar_eclipse/lights/03-27-24_00-43-02-IMG_7338.CR3'
±AEB -1      ISO100     ƒ/8.0     1/4000 
'/home/stephen/stephenskywatcher/captures/total_solar_eclipse/lights/03-27-24_00-43-02-IMG_7339.CR3'
±AEB +1      ISO100     ƒ/8.0     1/1600 
'/home/stephen/stephenskywatcher/captures/total_solar_eclipse/lights/03-27-24_00-44-48-IMG_7340.CR3'
±AEB 0       ISO100     ƒ/8.0     1/3200 
'/home/stephen/stephenskywatcher/captures/total_solar_eclipse/lights/03-27-24_00-44-48-IMG_7341.CR3'
±AEB -1      ISO100     ƒ/8.0     1/4000 
'/home/stephen/stephenskywatcher/captures/total_solar_eclipse/lights/03-27-24_00-44-48-IMG_7342.CR3'
±AEB +1      ISO100     ƒ/8.0     1/1600 
'/home/stephen/stephenskywatcher/captures/total_solar_eclipse/lights/03-27-24_00-52-26-IMG_7485.CR3'
±AEB 0       ISO100     ƒ/8.0     1/2000 
'/home/stephen/stephenskywatcher/captures/total_solar_eclipse/lights/03-27-24_00-52-26-IMG_7486.CR3'
±AEB 0       ISO100     ƒ/8.0     1/2000 
'/home/stephen/stephenskywatcher/captures/total_solar_eclipse/lights/03-27-24_00-52-26-IMG_7487.CR3'
±AEB 0       ISO100     ƒ/8.0     1/2000 
'/home/stephen/stephenskywatcher/captures/total_solar_eclipse/lights/03-27-24_00-52-26-IMG_7488.CR3'
±AEB 0       ISO100     ƒ/8.0     1/2000 
'/home/stephen/stephenskywatcher/captures/total_solar_eclipse/lights/03-27-24_00-52-26-IMG_7489.CR3'
±AEB 0       ISO100     ƒ/8.0     1/2000 
'/home/stephen/stephenskywatcher/captures/total_solar_eclipse/lights/03-27-24_00-52-26-IMG_7490.CR3'
±AEB 0       ISO100     ƒ/8.0     1/2000 
'/home/stephen/stephenskywatcher/captures/total_solar_eclipse/lights/03-27-24_00-52-28-IMG_7491.CR3'
±AEB 0       ISO100     ƒ/8.0     1/2000 
'/home/stephen/stephenskywatcher/captures/total_solar_eclipse/lights/03-27-24_00-52-28-IMG_7492.CR3'
±AEB 0       ISO100     ƒ/8.0     1/2000 
'/home/stephen/stephenskywatcher/captures/total_solar_eclipse/lights/03-27-24_00-52-28-IMG_7493.CR3'
±AEB 0       ISO100     ƒ/8.0     1/2500 
'/home/stephen/stephenskywatcher/captures/total_solar_eclipse/lights/03-27-24_00-52-30-IMG_7494.CR3'
±AEB 0       ISO100     ƒ/8.0     1/2500 
'/home/stephen/stephenskywatcher/captures/total_solar_eclipse/lights/03-27-24_00-52-30-IMG_7495.CR3'
±AEB 0       ISO100     ƒ/8.0     1/2500 
'/home/stephen/stephenskywatcher/captures/total_solar_eclipse/lights/03-27-24_00-52-30-IMG_7496.CR3'
±AEB 0       ISO100     ƒ/8.0     1/2500 
'/home/stephen/stephenskywatcher/captures/total_solar_eclipse/lights/03-27-24_00-52-30-IMG_7497.CR3'
±AEB 0       ISO100     ƒ/8.0     1/2500 
'/home/stephen/stephenskywatcher/captures/total_solar_eclipse/lights/03-27-24_00-52-30-IMG_7498.CR3'
±AEB 0       ISO100     ƒ/8.0     1/2500 
'/home/stephen/stephenskywatcher/captures/total_solar_eclipse/lights/03-27-24_00-52-30-IMG_7499.CR3'
±AEB 0       ISO100     ƒ/8.0     1/2500 
'/home/stephen/stephenskywatcher/captures/total_solar_eclipse/lights/03-27-24_00-52-30-IMG_7500.CR3'
±AEB 0       ISO100     ƒ/8.0     1/2500 
'/home/stephen/stephenskywatcher/captures/total_solar_eclipse/lights/03-27-24_00-52-32-IMG_7501.CR3'
±AEB 0       ISO100     ƒ/8.0     1/3200 
'/home/stephen/stephenskywatcher/captures/total_solar_eclipse/lights/03-27-24_00-52-32-IMG_7502.CR3'
±AEB 0       ISO100     ƒ/8.0     1/3200 
'/home/stephen/stephenskywatcher/captures/total_solar_eclipse/lights/03-27-24_00-52-32-IMG_7503.CR3'
±AEB 0       ISO100     ƒ/8.0     1/3200 
'/home/stephen/stephenskywatcher/captures/total_solar_eclipse/lights/03-27-24_00-52-34-IMG_7504.CR3'
±AEB 0       ISO100     ƒ/8.0     1/3200 
'/home/stephen/stephenskywatcher/captures/total_solar_eclipse/lights/03-27-24_00-52-34-IMG_7505.CR3'
±AEB 0       ISO100     ƒ/8.0     1/3200 
'/home/stephen/stephenskywatcher/captures/total_solar_eclipse/lights/03-27-24_00-52-34-IMG_7506.CR3'
±AEB 0       ISO100     ƒ/8.0     1/3200 
'/home/stephen/stephenskywatcher/captures/total_solar_eclipse/lights/03-27-24_00-52-34-IMG_7507.CR3'
±AEB 0       ISO100     ƒ/8.0     1/3200 
'/home/stephen/stephenskywatcher/captures/total_solar_eclipse/lights/03-27-24_00-52-34-IMG_7508.CR3'
±AEB 0       ISO100     ƒ/8.0     1/3200 
'/home/stephen/stephenskywatcher/captures/total_solar_eclipse/lights/03-27-24_00-52-36-IMG_7509.CR3'
±AEB 0       ISO100     ƒ/8.0     1/4000 
'/home/stephen/stephenskywatcher/captures/total_solar_eclipse/lights/03-27-24_00-52-36-IMG_7510.CR3'
±AEB 0       ISO100     ƒ/8.0     1/4000 
'/home/stephen/stephenskywatcher/captures/total_solar_eclipse/lights/03-27-24_00-52-36-IMG_7511.CR3'
±AEB 0       ISO100     ƒ/8.0     1/4000 
'/home/stephen/stephenskywatcher/captures/total_solar_eclipse/lights/03-27-24_00-52-36-IMG_7512.CR3'
±AEB 0       ISO100     ƒ/8.0     1/4000 
'/home/stephen/stephenskywatcher/captures/total_solar_eclipse/lights/03-27-24_00-52-38-IMG_7513.CR3'
±AEB 0       ISO100     ƒ/8.0     1/4000 
'/home/stephen/stephenskywatcher/captures/total_solar_eclipse/lights/03-27-24_00-52-38-IMG_7514.CR3'
±AEB 0       ISO100     ƒ/8.0     1/4000 
'/home/stephen/stephenskywatcher/captures/total_solar_eclipse/lights/03-27-24_00-52-38-IMG_7515.CR3'
±AEB 0       ISO100     ƒ/8.0     1/4000 
'/home/stephen/stephenskywatcher/captures/total_solar_eclipse/lights/03-27-24_00-52-38-IMG_7516.CR3'
±AEB 0       ISO100     ƒ/8.0     1/4000 
